<?xml version="1.0" encoding="UTF-8"?>
<testsuite name="com.tw.workshop.tdd.FilmClassifySystemTest" tests="17" failures="0" errors="0" timestamp="2014-12-07T17:19:39" hostname="gsmdev-VirtualBox" time="0.137">
  <properties/>
  <testcase name="Film Classify System | Add Film | should succeed when film name is valid" classname="com.tw.workshop.tdd.FilmClassifySystemTest" time="0.055"/>
  <testcase name="Film Classify System | Add Film | should fail when film name contains invalid char (not [a-zA-Z0-9 ])" classname="com.tw.workshop.tdd.FilmClassifySystemTest" time="0.004"/>
  <testcase name="Film Classify System | Add Film | should fail when film name is empty" classname="com.tw.workshop.tdd.FilmClassifySystemTest" time="0.001"/>
  <testcase name="Film Classify System | Add Film | should fail when film already existed" classname="com.tw.workshop.tdd.FilmClassifySystemTest" time="0.002"/>
  <testcase name="Film Classify System | Modify Film Name | should succeed when film name is valid and unique" classname="com.tw.workshop.tdd.FilmClassifySystemTest" time="0.002"/>
  <testcase name="Film Classify System | Modify Film Name | should fail when film name is valid but existed" classname="com.tw.workshop.tdd.FilmClassifySystemTest" time="0.001"/>
  <testcase name="Film Classify System | Add Film with Category | should succeed when category is valid" classname="com.tw.workshop.tdd.FilmClassifySystemTest" time="0.003"/>
  <testcase name="Film Classify System | Add Film with Category | should succeed when category is not given" classname="com.tw.workshop.tdd.FilmClassifySystemTest" time="0.0"/>
  <testcase name="Film Classify System | Add Film with Category | should fail when category is invalid" classname="com.tw.workshop.tdd.FilmClassifySystemTest" time="0.001"/>
  <testcase name="Film Classify System | Modify Film Category | should succeed when category is valid" classname="com.tw.workshop.tdd.FilmClassifySystemTest" time="0.002"/>
  <testcase name="Film Classify System | Modify Film Category | should fail when category is invalid" classname="com.tw.workshop.tdd.FilmClassifySystemTest" time="0.001"/>
  <testcase name="Film Classify System | List Film By Category | should succeed when category is valid" classname="com.tw.workshop.tdd.FilmClassifySystemTest" time="0.003"/>
  <testcase name="Film Classify System | List Film By Category | should empty when category is valid and without film" classname="com.tw.workshop.tdd.FilmClassifySystemTest" time="0.002"/>
  <testcase name="Film Classify System | List Film By Category | should empty when category is invalid" classname="com.tw.workshop.tdd.FilmClassifySystemTest" time="0.002"/>
  <testcase name="Film Classify System | Film Score | should succeed when score is valid" classname="com.tw.workshop.tdd.FilmClassifySystemTest" time="0.007"/>
  <testcase name="Film Classify System | Film Score | should succeed when score repeatedly" classname="com.tw.workshop.tdd.FilmClassifySystemTest" time="0.001"/>
  <testcase name="Film Classify System | Film Score | should no score when not score film" classname="com.tw.workshop.tdd.FilmClassifySystemTest" time="0.001"/>
  <system-out><![CDATA[]]></system-out>
  <system-err><![CDATA[]]></system-err>
</testsuite>
